<?xml version="1.0" encoding="UTF-8"?>
<testsuite name="e2e.AuctionSniperEndToEndTest" tests="2" skipped="0" failures="1" errors="0" timestamp="2018-10-01T00:14:09" hostname="192.168.1.3" time="4.401">
  <properties/>
  <testcase name="sniperMakesAHigherBidButLoses" classname="e2e.AuctionSniperEndToEndTest" time="3.838">
    <failure message="java.lang.AssertionError: &#10;Tried to find:&#10;    exactly 1 JLabel (with name &quot;sniper status&quot;)&#10;    in exactly 1 JFrame (with name &quot;Auction Sniper Main&quot; and showing on screen)&#10;    in all top level windows&#10;and check that its label text is &quot;Bidding&quot;&#10;but:&#10;    all top level windows&#10;    contained 1 JFrame (with name &quot;Auction Sniper Main&quot; and showing on screen)&#10;    contained 1 JLabel (with name &quot;sniper status&quot;)&#10;    label text was &quot;Joining&quot;" type="java.lang.AssertionError">java.lang.AssertionError: 
Tried to find:
    exactly 1 JLabel (with name &quot;sniper status&quot;)
    in exactly 1 JFrame (with name &quot;Auction Sniper Main&quot; and showing on screen)
    in all top level windows
and check that its label text is &quot;Bidding&quot;
but:
    all top level windows
    contained 1 JFrame (with name &quot;Auction Sniper Main&quot; and showing on screen)
    contained 1 JLabel (with name &quot;sniper status&quot;)
    label text was &quot;Joining&quot;
	at com.objogate.wl.PollingProber.check(PollingProber.java:38)
	at com.objogate.wl.swing.driver.ComponentDriver.check(ComponentDriver.java:62)
	at com.objogate.wl.swing.driver.ComponentDriver.has(ComponentDriver.java:130)
	at com.objogate.wl.swing.driver.JLabelDriver.hasText(JLabelDriver.java:27)
	at e2e.AuctionSniperDriver.showsSniperStatus(AuctionSniperDriver.java:24)
	at e2e.ApplicationRunner.hasShownSniperIsBidding(ApplicationRunner.java:46)
	at e2e.AuctionSniperEndToEndTest.sniperMakesAHigherBidButLoses(AuctionSniperEndToEndTest.java:31)
	at sun.reflect.NativeMethodAccessorImpl.invoke0(Native Method)
	at sun.reflect.NativeMethodAccessorImpl.invoke(NativeMethodAccessorImpl.java:62)
	at sun.reflect.DelegatingMethodAccessorImpl.invoke(DelegatingMethodAccessorImpl.java:43)
	at java.lang.reflect.Method.invoke(Method.java:498)
	at org.junit.runners.model.FrameworkMethod$1.runReflectiveCall(FrameworkMethod.java:50)
	at org.junit.internal.runners.model.ReflectiveCallable.run(ReflectiveCallable.java:12)
	at org.junit.runners.model.FrameworkMethod.invokeExplosively(FrameworkMethod.java:47)
	at org.junit.internal.runners.statements.InvokeMethod.evaluate(InvokeMethod.java:17)
	at org.junit.internal.runners.statements.RunAfters.evaluate(RunAfters.java:27)
	at org.junit.runners.ParentRunner.runLeaf(ParentRunner.java:325)
	at org.junit.runners.BlockJUnit4ClassRunner.runChild(BlockJUnit4ClassRunner.java:78)
	at org.junit.runners.BlockJUnit4ClassRunner.runChild(BlockJUnit4ClassRunner.java:57)
	at org.junit.runners.ParentRunner$3.run(ParentRunner.java:290)
	at org.junit.runners.ParentRunner$1.schedule(ParentRunner.java:71)
	at org.junit.runners.ParentRunner.runChildren(ParentRunner.java:288)
	at org.junit.runners.ParentRunner.access$000(ParentRunner.java:58)
	at org.junit.runners.ParentRunner$2.evaluate(ParentRunner.java:268)
	at org.junit.runners.ParentRunner.run(ParentRunner.java:363)
	at org.gradle.api.internal.tasks.testing.junit.JUnitTestClassExecutor.runTestClass(JUnitTestClassExecutor.java:106)
	at org.gradle.api.internal.tasks.testing.junit.JUnitTestClassExecutor.execute(JUnitTestClassExecutor.java:58)
	at org.gradle.api.internal.tasks.testing.junit.JUnitTestClassExecutor.execute(JUnitTestClassExecutor.java:38)
	at org.gradle.api.internal.tasks.testing.junit.AbstractJUnitTestClassProcessor.processTestClass(AbstractJUnitTestClassProcessor.java:66)
	at org.gradle.api.internal.tasks.testing.SuiteTestClassProcessor.processTestClass(SuiteTestClassProcessor.java:51)
	at sun.reflect.NativeMethodAccessorImpl.invoke0(Native Method)
	at sun.reflect.NativeMethodAccessorImpl.invoke(NativeMethodAccessorImpl.java:62)
	at sun.reflect.DelegatingMethodAccessorImpl.invoke(DelegatingMethodAccessorImpl.java:43)
	at java.lang.reflect.Method.invoke(Method.java:498)
	at org.gradle.internal.dispatch.ReflectionDispatch.dispatch(ReflectionDispatch.java:35)
	at org.gradle.internal.dispatch.ReflectionDispatch.dispatch(ReflectionDispatch.java:24)
	at org.gradle.internal.dispatch.ContextClassLoaderDispatch.dispatch(ContextClassLoaderDispatch.java:32)
	at org.gradle.internal.dispatch.ProxyDispatchAdapter$DispatchingInvocationHandler.invoke(ProxyDispatchAdapter.java:93)
	at com.sun.proxy.$Proxy1.processTestClass(Unknown Source)
	at org.gradle.api.internal.tasks.testing.worker.TestWorker.processTestClass(TestWorker.java:109)
	at sun.reflect.NativeMethodAccessorImpl.invoke0(Native Method)
	at sun.reflect.NativeMethodAccessorImpl.invoke(NativeMethodAccessorImpl.java:62)
	at sun.reflect.DelegatingMethodAccessorImpl.invoke(DelegatingMethodAccessorImpl.java:43)
	at java.lang.reflect.Method.invoke(Method.java:498)
	at org.gradle.internal.dispatch.ReflectionDispatch.dispatch(ReflectionDispatch.java:35)
	at org.gradle.internal.dispatch.ReflectionDispatch.dispatch(ReflectionDispatch.java:24)
	at org.gradle.internal.remote.internal.hub.MessageHubBackedObjectConnection$DispatchWrapper.dispatch(MessageHubBackedObjectConnection.java:155)
	at org.gradle.internal.remote.internal.hub.MessageHubBackedObjectConnection$DispatchWrapper.dispatch(MessageHubBackedObjectConnection.java:137)
	at org.gradle.internal.remote.internal.hub.MessageHub$Handler.run(MessageHub.java:404)
	at org.gradle.internal.concurrent.ExecutorPolicy$CatchAndRecordFailures.onExecute(ExecutorPolicy.java:63)
	at org.gradle.internal.concurrent.ManagedExecutorImpl$1.run(ManagedExecutorImpl.java:46)
	at java.util.concurrent.ThreadPoolExecutor.runWorker(ThreadPoolExecutor.java:1142)
	at java.util.concurrent.ThreadPoolExecutor$Worker.run(ThreadPoolExecutor.java:617)
	at org.gradle.internal.concurrent.ThreadFactoryImpl$ManagedThreadRunnable.run(ThreadFactoryImpl.java:55)
	at java.lang.Thread.run(Thread.java:745)
</failure>
  </testcase>
  <testcase name="sniperJoinsAuctionUntilAuctionCloses" classname="e2e.AuctionSniperEndToEndTest" time="0.563"/>
  <system-out><![CDATA[]]></system-out>
  <system-err><![CDATA[Error! A startup class specified in smack-config.xml could not be loaded: org.jivesoftware.smackx.ServiceDiscoveryManager
Error! A startup class specified in smack-config.xml could not be loaded: org.jivesoftware.smackx.XHTMLManager
Error! A startup class specified in smack-config.xml could not be loaded: org.jivesoftware.smackx.muc.MultiUserChat
Error! A startup class specified in smack-config.xml could not be loaded: org.jivesoftware.smackx.filetransfer.FileTransferManager
Error! A startup class specified in smack-config.xml could not be loaded: org.jivesoftware.smackx.LastActivityManager
Error! A startup class specified in smack-config.xml could not be loaded: org.jivesoftware.smackx.commands.AdHocCommandManager
Error! A startup class specified in smack-config.xml could not be loaded: org.jivesoftware.smackx.ServiceDiscoveryManager
Error! A startup class specified in smack-config.xml could not be loaded: org.jivesoftware.smackx.XHTMLManager
Error! A startup class specified in smack-config.xml could not be loaded: org.jivesoftware.smackx.muc.MultiUserChat
Error! A startup class specified in smack-config.xml could not be loaded: org.jivesoftware.smackx.filetransfer.FileTransferManager
Error! A startup class specified in smack-config.xml could not be loaded: org.jivesoftware.smackx.LastActivityManager
Error! A startup class specified in smack-config.xml could not be loaded: org.jivesoftware.smackx.commands.AdHocCommandManager
WARNING: could not load keyboard layout Mac-US, using fallback layout with reduced capabilities (JAR entry com/objogate/wl/keyboard/Mac-US not found in /Users/ktsal/.gradle/caches/modules-2/files-2.1/com.googlecode.windowlicker/windowlicker-core/r268/c9c8dc4e5e0bd433ad8ad054d05dfb648324bf83/windowlicker-core-r268.jar)
WARNING: could not load keyboard layout Mac-US, using fallback layout with reduced capabilities (JAR entry com/objogate/wl/keyboard/Mac-US not found in /Users/ktsal/.gradle/caches/modules-2/files-2.1/com.googlecode.windowlicker/windowlicker-core/r268/c9c8dc4e5e0bd433ad8ad054d05dfb648324bf83/windowlicker-core-r268.jar)
]]></system-err>
</testsuite>
